# JRE version: Java(TM) SE Runtime Environment (8.0_25-b17) (build 1.8.0_25-b17)
# Java VM: Java HotSpot(TM) 64-Bit Server VM (25.25-b02 mixed mode linux-amd64 compressed oops)
Heap:
 PSYoungGen      total 36864K, used 317K [0x00000000d7100000, 0x00000000d9a00000, 0x0000000100000000)
  eden space 31744K, 1% used [0x00000000d7100000,0x00000000d714f768,0x00000000d9000000)
  from space 5120K, 0% used [0x00000000d9000000,0x00000000d9000000,0x00000000d9500000)
  to   space 5120K, 0% used [0x00000000d9500000,0x00000000d9500000,0x00000000d9a00000)
 ParOldGen       total 84992K, used 2030K [0x0000000085200000, 0x000000008a500000, 0x00000000d7100000)
  object space 84992K, 2% used [0x0000000085200000,0x00000000853fbbc0,0x000000008a500000)
 Metaspace       used 12277K, capacity 12376K, committed 12672K, reserved 1060864K
  class space    used 1309K, capacity 1347K, committed 1408K, reserved 1048576K
GC Heap History (10 events):
Event: 313,211 GC heap before
{Heap before GC invocations=2 (full 1):
 PSYoungGen      total 36864K, used 4108K [0x00000000d7100000, 0x00000000d9a00000, 0x0000000100000000)
  eden space 31744K, 0% used [0x00000000d7100000,0x00000000d7100000,0x00000000d9000000)
  from space 5120K, 80% used [0x00000000d9000000,0x00000000d9403250,0x00000000d9500000)
  to   space 5120K, 0% used [0x00000000d9500000,0x00000000d9500000,0x00000000d9a00000)
 ParOldGen       total 84992K, used 80K [0x0000000085200000, 0x000000008a500000, 0x00000000d7100000)
  object space 84992K, 0% used [0x0000000085200000,0x0000000085214010,0x000000008a500000)
 Metaspace       used 12144K, capacity 12314K, committed 12672K, reserved 1060864K
  class space    used 1300K, capacity 1348K, committed 1408K, reserved 1048576K
Event: 313,505 GC heap after
Heap after GC invocations=2 (full 1):
 PSYoungGen      total 36864K, used 0K [0x00000000d7100000, 0x00000000d9a00000, 0x0000000100000000)
  eden space 31744K, 0% used [0x00000000d7100000,0x00000000d7100000,0x00000000d9000000)
  from space 5120K, 0% used [0x00000000d9000000,0x00000000d9000000,0x00000000d9500000)
  to   space 5120K, 0% used [0x00000000d9500000,0x00000000d9500000,0x00000000d9a00000)
 ParOldGen       total 84992K, used 3993K [0x0000000085200000, 0x000000008a500000, 0x00000000d7100000)
  object space 84992K, 4% used [0x0000000085200000,0x00000000855e66e0,0x000000008a500000)
 Metaspace       used 12142K, capacity 12312K, committed 12672K, reserved 1060864K
  class space    used 1300K, capacity 1347K, committed 1408K, reserved 1048576K
}
Event: 314,337 GC heap before
{Heap before GC invocations=3 (full 1):
 PSYoungGen      total 36864K, used 2606K [0x00000000d7100000, 0x00000000d9a00000, 0x0000000100000000)
  eden space 31744K, 8% used [0x00000000d7100000,0x00000000d738b928,0x00000000d9000000)
  from space 5120K, 0% used [0x00000000d9000000,0x00000000d9000000,0x00000000d9500000)
  to   space 5120K, 0% used [0x00000000d9500000,0x00000000d9500000,0x00000000d9a00000)
 ParOldGen       total 84992K, used 3993K [0x0000000085200000, 0x000000008a500000, 0x00000000d7100000)
  object space 84992K, 4% used [0x0000000085200000,0x00000000855e66e0,0x000000008a500000)
 Metaspace       used 12275K, capacity 12376K, committed 12672K, reserved 1060864K
  class space    used 1309K, capacity 1347K, committed 1408K, reserved 1048576K
Event: 314,338 GC heap after
Heap after GC invocations=3 (full 1):
 PSYoungGen      total 36864K, used 160K [0x00000000d7100000, 0x00000000d9a00000, 0x0000000100000000)
  eden space 31744K, 0% used [0x00000000d7100000,0x00000000d7100000,0x00000000d9000000)
  from space 5120K, 3% used [0x00000000d9500000,0x00000000d9528000,0x00000000d9a00000)
  to   space 5120K, 0% used [0x00000000d9000000,0x00000000d9000000,0x00000000d9500000)
 ParOldGen       total 84992K, used 4001K [0x0000000085200000, 0x000000008a500000, 0x00000000d7100000)
  object space 84992K, 4% used [0x0000000085200000,0x00000000855e86e0,0x000000008a500000)
 Metaspace       used 12275K, capacity 12376K, committed 12672K, reserved 1060864K
  class space    used 1309K, capacity 1347K, committed 1408K, reserved 1048576K
}
Event: 314,338 GC heap before
{Heap before GC invocations=4 (full 2):
 PSYoungGen      total 36864K, used 160K [0x00000000d7100000, 0x00000000d9a00000, 0x0000000100000000)
  eden space 31744K, 0% used [0x00000000d7100000,0x00000000d7100000,0x00000000d9000000)
  from space 5120K, 3% used [0x00000000d9500000,0x00000000d9528000,0x00000000d9a00000)
  to   space 5120K, 0% used [0x00000000d9000000,0x00000000d9000000,0x00000000d9500000)
 ParOldGen       total 84992K, used 4001K [0x0000000085200000, 0x000000008a500000, 0x00000000d7100000)
  object space 84992K, 4% used [0x0000000085200000,0x00000000855e86e0,0x000000008a500000)
 Metaspace       used 12275K, capacity 12376K, committed 12672K, reserved 1060864K
  class space    used 1309K, capacity 1347K, committed 1408K, reserved 1048576K
Event: 314,375 GC heap after
Heap after GC invocations=4 (full 2):
 PSYoungGen      total 36864K, used 0K [0x00000000d7100000, 0x00000000d9a00000, 0x0000000100000000)
  eden space 31744K, 0% used [0x00000000d7100000,0x00000000d7100000,0x00000000d9000000)
  from space 5120K, 0% used [0x00000000d9500000,0x00000000d9500000,0x00000000d9a00000)
  to   space 5120K, 0% used [0x00000000d9000000,0x00000000d9000000,0x00000000d9500000)
 ParOldGen       total 84992K, used 2138K [0x0000000085200000, 0x000000008a500000, 0x00000000d7100000)
  object space 84992K, 2% used [0x0000000085200000,0x0000000085416ad0,0x000000008a500000)
 Metaspace       used 12275K, capacity 12376K, committed 12672K, reserved 1060864K
  class space    used 1309K, capacity 1347K, committed 1408K, reserved 1048576K
}
Event: 314,434 GC heap before
{Heap before GC invocations=5 (full 2):
 PSYoungGen      total 36864K, used 635K [0x00000000d7100000, 0x00000000d9a00000, 0x0000000100000000)
  eden space 31744K, 2% used [0x00000000d7100000,0x00000000d719ed40,0x00000000d9000000)
  from space 5120K, 0% used [0x00000000d9500000,0x00000000d9500000,0x00000000d9a00000)
  to   space 5120K, 0% used [0x00000000d9000000,0x00000000d9000000,0x00000000d9500000)
 ParOldGen       total 84992K, used 2138K [0x0000000085200000, 0x000000008a500000, 0x00000000d7100000)
  object space 84992K, 2% used [0x0000000085200000,0x0000000085416ad0,0x000000008a500000)
 Metaspace       used 12277K, capacity 12376K, committed 12672K, reserved 1060864K
  class space    used 1309K, capacity 1347K, committed 1408K, reserved 1048576K
Event: 314,436 GC heap after
Heap after GC invocations=5 (full 2):
 PSYoungGen      total 36864K, used 64K [0x00000000d7100000, 0x00000000d9a00000, 0x0000000100000000)
  eden space 31744K, 0% used [0x00000000d7100000,0x00000000d7100000,0x00000000d9000000)
  from space 5120K, 1% used [0x00000000d9000000,0x00000000d9010000,0x00000000d9500000)
  to   space 5120K, 0% used [0x00000000d9500000,0x00000000d9500000,0x00000000d9a00000)
 ParOldGen       total 84992K, used 2138K [0x0000000085200000, 0x000000008a500000, 0x00000000d7100000)
  object space 84992K, 2% used [0x0000000085200000,0x0000000085416ad0,0x000000008a500000)
 Metaspace       used 12277K, capacity 12376K, committed 12672K, reserved 1060864K
  class space    used 1309K, capacity 1347K, committed 1408K, reserved 1048576K
}
Event: 314,436 GC heap before
{Heap before GC invocations=6 (full 3):
 PSYoungGen      total 36864K, used 64K [0x00000000d7100000, 0x00000000d9a00000, 0x0000000100000000)
  eden space 31744K, 0% used [0x00000000d7100000,0x00000000d7100000,0x00000000d9000000)
  from space 5120K, 1% used [0x00000000d9000000,0x00000000d9010000,0x00000000d9500000)
  to   space 5120K, 0% used [0x00000000d9500000,0x00000000d9500000,0x00000000d9a00000)
 ParOldGen       total 84992K, used 2138K [0x0000000085200000, 0x000000008a500000, 0x00000000d7100000)
  object space 84992K, 2% used [0x0000000085200000,0x0000000085416ad0,0x000000008a500000)
 Metaspace       used 12277K, capacity 12376K, committed 12672K, reserved 1060864K
  class space    used 1309K, capacity 1347K, committed 1408K, reserved 1048576K
Event: 314,467 GC heap after
Heap after GC invocations=6 (full 3):
 PSYoungGen      total 36864K, used 0K [0x00000000d7100000, 0x00000000d9a00000, 0x0000000100000000)
  eden space 31744K, 0% used [0x00000000d7100000,0x00000000d7100000,0x00000000d9000000)
  from space 5120K, 0% used [0x00000000d9000000,0x00000000d9000000,0x00000000d9500000)
  to   space 5120K, 0% used [0x00000000d9500000,0x00000000d9500000,0x00000000d9a00000)
 ParOldGen       total 84992K, used 2030K [0x0000000085200000, 0x000000008a500000, 0x00000000d7100000)
  object space 84992K, 2% used [0x0000000085200000,0x00000000853fbbc0,0x000000008a500000)
 Metaspace       used 12277K, capacity 12376K, committed 12672K, reserved 1060864K
  class space    used 1309K, capacity 1347K, committed 1408K, reserved 1048576K
}

